01:52:27 **** Rebuild of configuration Debug for project ProjectTesting ****
Info: Internal Builder is used for build
g++ -O0 -g3 -Wall -c -fmessage-length=0 -o "0001. Hello World.o" "..\\0001. Hello World.cpp" 
g++ -o ProjectTesting.exe "0001. Hello World.o" 
Info: Nothing to build for ProjectTesting
02:05:09 **** Incremental Build of configuration Debug for project ProjectTesting ****
Info: Internal Builder is used for build
g++ --version -O0 -g3 -Wall -c -fmessage-length=0 -o "0001. Hello World.o" "..\\0001. Hello World.cpp" 
g++ (tdm64-1) 4.9.2
Copyright (C) 2014 Free Software Foundation, Inc.
This is free software; see the source for copying conditions.  There is NO
warranty; not even for MERCHANTABILITY or FITNESS FOR A PARTICULAR PURPOSE.

g++ -o ProjectTesting.exe "0001. Hello World.o" 
02:05:16 **** Incremental Build of configuration Debug for project ProjectTesting ****
Info: Internal Builder is used for build
g++ --version -O0 -g3 -Wall -c -fmessage-length=0 -o "0001. Hello World.o" "..\\0001. Hello World.cpp" 
g++ (tdm64-1) 4.9.2
Copyright (C) 2014 Free Software Foundation, Inc.
This is free software; see the source for copying conditions.  There is NO
warranty; not even for MERCHANTABILITY or FITNESS FOR A PARTICULAR PURPOSE.

g++ -o ProjectTesting.exe "0001. Hello World.o" 
Info: Nothing to build for ProjectTesting
Info: Nothing to build for ProjectTesting
Info: Nothing to build for ProjectTesting
Info: Nothing to build for ProjectTesting
02:07:53 **** Incremental Build of configuration Debug for project ProjectTesting ****
Info: Internal Builder is used for build
g++ --version -O0 -g3 -Wall -c -fmessage-length=0 -o "0001. Hello World.o" "..\\0001. Hello World.cpp" 
g++ (tdm64-1) 4.9.2
Copyright (C) 2014 Free Software Foundation, Inc.
This is free software; see the source for copying conditions.  There is NO
warranty; not even for MERCHANTABILITY or FITNESS FOR A PARTICULAR PURPOSE.

g++ -o ProjectTesting.exe "0001. Hello World.o" 
Info: Nothing to build for ProjectTesting
Info: Nothing to build for ProjectTesting
Info: Nothing to build for ProjectTesting
02:08:59 **** Incremental Build of configuration Debug for project ProjectTesting ****
Info: Internal Builder is used for build
g++ --version -O0 -g3 -Wall -c -fmessage-length=0 -o "0001. Hello World.o" "..\\0001. Hello World.cpp" 
g++ (tdm64-1) 4.9.2
Copyright (C) 2014 Free Software Foundation, Inc.
This is free software; see the source for copying conditions.  There is NO
warranty; not even for MERCHANTABILITY or FITNESS FOR A PARTICULAR PURPOSE.

g++ -o ProjectTesting.exe "0001. Hello World.o" 
02:09:00 **** Incremental Build of configuration Release for project ProjectTesting ****
Info: Internal Builder is used for build
g++ -O3 -Wall -c -fmessage-length=0 -o "0001. Hello World.o" "..\\0001. Hello World.cpp" 
g++ -o ProjectTesting.exe "0001. Hello World.o" 
02:09:05 **** Incremental Build of configuration Debug for project ProjectTesting ****
Info: Internal Builder is used for build
g++ --version -O0 -g3 -Wall -c -fmessage-length=0 -o "0001. Hello World.o" "..\\0001. Hello World.cpp" 
g++ (tdm64-1) 4.9.2
Copyright (C) 2014 Free Software Foundation, Inc.
This is free software; see the source for copying conditions.  There is NO
warranty; not even for MERCHANTABILITY or FITNESS FOR A PARTICULAR PURPOSE.

g++ -o ProjectTesting.exe "0001. Hello World.o" 
02:09:05 **** Incremental Build of configuration Release for project ProjectTesting ****
Info: Internal Builder is used for build
g++ -O3 -Wall -c -fmessage-length=0 -o "0001. Hello World.o" "..\\0001. Hello World.cpp" 
g++ -o ProjectTesting.exe "0001. Hello World.o" 
02:09:14 **** Incremental Build of configuration Debug for project ProjectTesting ****
Info: Internal Builder is used for build
g++ --version -O0 -g3 -Wall -c -fmessage-length=0 -o "0001. Hello World.o" "..\\0001. Hello World.cpp" 
g++ (tdm64-1) 4.9.2
Copyright (C) 2014 Free Software Foundation, Inc.
This is free software; see the source for copying conditions.  There is NO
warranty; not even for MERCHANTABILITY or FITNESS FOR A PARTICULAR PURPOSE.

g++ -o ProjectTesting.exe "0001. Hello World.o" 
02:09:14 **** Incremental Build of configuration Release for project ProjectTesting ****
Info: Internal Builder is used for build
g++ -O3 -Wall -c -fmessage-length=0 -o "0001. Hello World.o" "..\\0001. Hello World.cpp" 
g++ -o ProjectTesting.exe "0001. Hello World.o" 
02:09:33 **** Incremental Build of configuration Debug for project ProjectTesting ****
Info: Internal Builder is used for build
g++ --version -O0 -g3 -Wall -c -fmessage-length=0 -o "0001. Hello World.o" "..\\0001. Hello World.cpp" 
g++ (tdm64-1) 4.9.2
Copyright (C) 2014 Free Software Foundation, Inc.
This is free software; see the source for copying conditions.  There is NO
warranty; not even for MERCHANTABILITY or FITNESS FOR A PARTICULAR PURPOSE.

g++ -o ProjectTesting.exe "0001. Hello World.o" 
02:09:33 **** Incremental Build of configuration Release for project ProjectTesting ****
Info: Internal Builder is used for build
g++ -O3 -Wall -c -fmessage-length=0 -o "0001. Hello World.o" "..\\0001. Hello World.cpp" 
g++ -o ProjectTesting.exe "0001. Hello World.o" 
02:11:33 **** Incremental Build of configuration Debug for project ProjectTesting ****
Info: Internal Builder is used for build
g++ -O0 -g3 -Wall -c -fmessage-length=0 -o "0001. Hello World.o" "..\\0001. Hello World.cpp" 
g++ -o ProjectTesting.exe "0001. Hello World.o" 
02:11:33 **** Incremental Build of configuration Release for project ProjectTesting ****
Info: Internal Builder is used for build
g++ -o ProjectTesting.exe "0001. Hello World.o" 
02:11:41 **** Incremental Build of configuration Debug for project ProjectTesting ****
Info: Internal Builder is used for build
g++ -O0 -g3 -Wall -c -fmessage-length=0 -o "0001. Hello World.o" "..\\0001. Hello World.cpp" 
g++ -o ProjectTesting.exe "0001. Hello World.o" 
02:11:41 **** Incremental Build of configuration Release for project ProjectTesting ****
Info: Internal Builder is used for build
g++ -O3 -Wall -c -fmessage-length=0 -o "0001. Hello World.o" "..\\0001. Hello World.cpp" 
g++ -o ProjectTesting.exe "0001. Hello World.o" 
02:11:51 **** Incremental Build of configuration Debug for project ProjectTesting ****
Info: Internal Builder is used for build
g++ -O0 -g3 -Wall -c -fmessage-length=0 -o "0001. Hello World.o" "..\\0001. Hello World.cpp" 
g++ -o ProjectTesting.exe "0001. Hello World.o" 
02:11:51 **** Incremental Build of configuration Release for project ProjectTesting ****
Info: Internal Builder is used for build
g++ -O3 -Wall -c -fmessage-length=0 -o "0001. Hello World.o" "..\\0001. Hello World.cpp" 
g++ -o ProjectTesting.exe "0001. Hello World.o" 
